The target system is: PICO -  - cortex-m0plus
The host system is: Windows - 10.0.19045 - AMD64
Compiling the C compiler identification source file "CMakeCCompilerId.c" succeeded.
Compiler: C:/Program Files/Raspberry Pi/Pico SDK v1.5.1/gcc-arm-none-eabi/bin/arm-none-eabi-gcc.exe 
Build flags: ;-mcpu=cortex-m0plus;-mthumb
Id flags:  

The output was:
0
MSBuild version 17.9.5+33de0b227 for .NET Framework
Build started 04.05.2026 21:42:09.

Project "C:\Users\Kaso\Documents\PlatformIO\Projects\LabSupply\build\CMakeFiles\3.25.2\CompilerIdC\CompilerIdC.vcxproj" on node 1 (default targets).
PrepareForBuild:
  Creating directory "Debug\".
  Structured output is enabled. The formatting of compiler diagnostics will reflect the error hierarchy. See https://aka.ms/cpp/structured-output for more details.
  Creating directory "Debug\CompilerIdC.tlog\".
InitializeBuildStatus:
  Creating "Debug\CompilerIdC.tlog\unsuccessfulbuild" because "AlwaysCreate" was specified.
  Touching "Debug\CompilerIdC.tlog\unsuccessfulbuild".
ClCompile:
  C:\Program Files\Microsoft Visual Studio\2022\Community\VC\Tools\MSVC\14.39.33519\bin\HostX64\x64\CL.exe /c /nologo /W0 /WX- /diagnostics:column /Od /D _MBCS /Gm- /EHsc /RTC1 /MDd /GS /fp:precise /Zc:wchar_t /Zc:forScope /Zc:inline /Fo"Debug\\" /Fd"Debug\vc143.pdb" /external:W0 /Gd /TC /FC /errorReport:queue CMakeCCompilerId.c
  CMakeCCompilerId.c
Link:
  C:\Program Files\Microsoft Visual Studio\2022\Community\VC\Tools\MSVC\14.39.33519\bin\HostX64\x64\link.exe /ERRORREPORT:QUEUE /OUT:".\CompilerIdC.exe" /INCREMENTAL:NO /NOLOGO kernel32.lib user32.lib gdi32.lib winspool.lib comdlg32.lib advapi32.lib shell32.lib ole32.lib oleaut32.lib uuid.lib odbc32.lib odbccp32.lib /MANIFEST /MANIFESTUAC:"level='asInvoker' uiAccess='false'" /manifest:embed /PDB:".\CompilerIdC.pdb" /SUBSYSTEM:CONSOLE /TLBID:1 /DYNAMICBASE /NXCOMPAT /IMPLIB:".\CompilerIdC.lib" /MACHINE:X64 Debug\CMakeCCompilerId.obj
  CompilerIdC.vcxproj -> C:\Users\Kaso\Documents\PlatformIO\Projects\LabSupply\build\CMakeFiles\3.25.2\CompilerIdC\CompilerIdC.exe
PostBuildEvent:
  for %%i in (cl.exe) do @echo CMAKE_C_COMPILER=%%~$PATH:i
  :VCEnd
  CMAKE_C_COMPILER=C:\Program Files\Microsoft Visual Studio\2022\Community\VC\Tools\MSVC\14.39.33519\bin\Hostx64\x64\cl.exe
FinalizeBuildStatus:
  Deleting file "Debug\CompilerIdC.tlog\unsuccessfulbuild".
  Touching "Debug\CompilerIdC.tlog\CompilerIdC.lastbuildstate".
Done Building Project "C:\Users\Kaso\Documents\PlatformIO\Projects\LabSupply\build\CMakeFiles\3.25.2\CompilerIdC\CompilerIdC.vcxproj" (default targets).

Build succeeded.
    0 Warning(s)
    0 Error(s)

Time Elapsed 00:00:00.74


Compilation of the C compiler identification source "CMakeCCompilerId.c" produced "CompilerIdC.exe"

Compilation of the C compiler identification source "CMakeCCompilerId.c" produced "CompilerIdC.vcxproj"

The C compiler identification is MSVC, found in "C:/Users/Kaso/Documents/PlatformIO/Projects/LabSupply/build/CMakeFiles/3.25.2/CompilerIdC/CompilerIdC.exe"

Compiling the CXX compiler identification source file "CMakeCXXCompilerId.cpp" succeeded.
Compiler: C:/Program Files/Raspberry Pi/Pico SDK v1.5.1/gcc-arm-none-eabi/bin/arm-none-eabi-g++.exe 
Build flags: ;-mcpu=cortex-m0plus;-mthumb
Id flags:  

The output was:
0
MSBuild version 17.9.5+33de0b227 for .NET Framework
Build started 04.05.2026 21:42:10.

Project "C:\Users\Kaso\Documents\PlatformIO\Projects\LabSupply\build\CMakeFiles\3.25.2\CompilerIdCXX\CompilerIdCXX.vcxproj" on node 1 (default targets).
PrepareForBuild:
  Creating directory "Debug\".
  Structured output is enabled. The formatting of compiler diagnostics will reflect the error hierarchy. See https://aka.ms/cpp/structured-output for more details.
  Creating directory "Debug\CompilerIdCXX.tlog\".
InitializeBuildStatus:
  Creating "Debug\CompilerIdCXX.tlog\unsuccessfulbuild" because "AlwaysCreate" was specified.
  Touching "Debug\CompilerIdCXX.tlog\unsuccessfulbuild".
ClCompile:
  C:\Program Files\Microsoft Visual Studio\2022\Community\VC\Tools\MSVC\14.39.33519\bin\HostX64\x64\CL.exe /c /nologo /W0 /WX- /diagnostics:column /Od /D _MBCS /Gm- /EHsc /RTC1 /MDd /GS /fp:precise /Zc:wchar_t /Zc:forScope /Zc:inline /Fo"Debug\\" /Fd"Debug\vc143.pdb" /external:W0 /Gd /TP /FC /errorReport:queue CMakeCXXCompilerId.cpp
  CMakeCXXCompilerId.cpp
Link:
  C:\Program Files\Microsoft Visual Studio\2022\Community\VC\Tools\MSVC\14.39.33519\bin\HostX64\x64\link.exe /ERRORREPORT:QUEUE /OUT:".\CompilerIdCXX.exe" /INCREMENTAL:NO /NOLOGO kernel32.lib user32.lib gdi32.lib winspool.lib comdlg32.lib advapi32.lib shell32.lib ole32.lib oleaut32.lib uuid.lib odbc32.lib odbccp32.lib /MANIFEST /MANIFESTUAC:"level='asInvoker' uiAccess='false'" /manifest:embed /PDB:".\CompilerIdCXX.pdb" /SUBSYSTEM:CONSOLE /TLBID:1 /DYNAMICBASE /NXCOMPAT /IMPLIB:".\CompilerIdCXX.lib" /MACHINE:X64 Debug\CMakeCXXCompilerId.obj
  CompilerIdCXX.vcxproj -> C:\Users\Kaso\Documents\PlatformIO\Projects\LabSupply\build\CMakeFiles\3.25.2\CompilerIdCXX\CompilerIdCXX.exe
PostBuildEvent:
  for %%i in (cl.exe) do @echo CMAKE_CXX_COMPILER=%%~$PATH:i
  :VCEnd
  CMAKE_CXX_COMPILER=C:\Program Files\Microsoft Visual Studio\2022\Community\VC\Tools\MSVC\14.39.33519\bin\Hostx64\x64\cl.exe
FinalizeBuildStatus:
  Deleting file "Debug\CompilerIdCXX.tlog\unsuccessfulbuild".
  Touching "Debug\CompilerIdCXX.tlog\CompilerIdCXX.lastbuildstate".
Done Building Project "C:\Users\Kaso\Documents\PlatformIO\Projects\LabSupply\build\CMakeFiles\3.25.2\CompilerIdCXX\CompilerIdCXX.vcxproj" (default targets).

Build succeeded.
    0 Warning(s)
    0 Error(s)

Time Elapsed 00:00:00.50


Compilation of the CXX compiler identification source "CMakeCXXCompilerId.cpp" produced "CompilerIdCXX.exe"

Compilation of the CXX compiler identification source "CMakeCXXCompilerId.cpp" produced "CompilerIdCXX.vcxproj"

The CXX compiler identification is MSVC, found in "C:/Users/Kaso/Documents/PlatformIO/Projects/LabSupply/build/CMakeFiles/3.25.2/CompilerIdCXX/CompilerIdCXX.exe"

Checking whether the ASM compiler is GNU using "--version" matched "(GNU assembler)|(GCC)|(Free Software Foundation)":
arm-none-eabi-gcc.exe (GNU Arm Embedded Toolchain 10.3-2021.10) 10.3.1 20210824 (release)
Copyright (C) 2020 Free Software Foundation, Inc.
This is free software; see the source for copying conditions.  There is NO
warranty; not even for MERCHANTABILITY or FITNESS FOR A PARTICULAR PURPOSE.

Detecting C compiler ABI info compiled with the following output:
Change Dir: C:/Users/Kaso/Documents/PlatformIO/Projects/LabSupply/build/CMakeFiles/CMakeScratch/TryCompile-iw6cdc

Run Build Command(s):C:/Program Files/Microsoft Visual Studio/2022/Community/MSBuild/Current/Bin/amd64/MSBuild.exe cmTC_0770d.vcxproj /p:Configuration=Debug /p:Platform=x64 /p:VisualStudioVersion=17.0 /v:m && MSBuild version 17.9.5+33de0b227 for .NET Framework

  Microsoft (R) C/C++ Optimizing Compiler Version 19.39.33519 for x64
  Copyright (C) Microsoft Corporation.  All rights reserved.
  cl /c /W1 /WX- /diagnostics:column /O2 /D _MBCS /D "CMAKE_INTDIR=\"Debug\"" /Gm- /MD /GS /fp:precise /Zc:wchar_t /Zc:forScope /Zc:inline /Fo"cmTC_0770d.dir\Debug\\" /Fd"cmTC_0770d.dir\Debug\vc143.pdb" /external:W1 /Gd /TC /errorReport:queue  -mcpu=cortex-m0plus -mthumb -Og "C:\Program Files\Raspberry Pi\Pico SDK v1.5.1\cmake\share\cmake-3.25\Modules\CMakeCCompilerABI.c"
cl : command line  warning D9035: option 'Og' has been deprecated and will be removed in a future release [C:\Users\Kaso\Documents\PlatformIO\Projects\LabSupply\build\CMakeFiles\CMakeScratch\TryCompile-iw6cdc\cmTC_0770d.vcxproj]
cl : command line  warning D9002: ignoring unknown option '-mcpu=cortex-m0plus' [C:\Users\Kaso\Documents\PlatformIO\Projects\LabSupply\build\CMakeFiles\CMakeScratch\TryCompile-iw6cdc\cmTC_0770d.vcxproj]
cl : command line  warning D9002: ignoring unknown option '-mthumb' [C:\Users\Kaso\Documents\PlatformIO\Projects\LabSupply\build\CMakeFiles\CMakeScratch\TryCompile-iw6cdc\cmTC_0770d.vcxproj]
  CMakeCCompilerABI.c
  cmTC_0770d.vcxproj -> C:\Users\Kaso\Documents\PlatformIO\Projects\LabSupply\build\CMakeFiles\CMakeScratch\TryCompile-iw6cdc\Debug\cmTC_0770d.elf



Detecting CXX compiler ABI info compiled with the following output:
Change Dir: C:/Users/Kaso/Documents/PlatformIO/Projects/LabSupply/build/CMakeFiles/CMakeScratch/TryCompile-tx17hz

Run Build Command(s):C:/Program Files/Microsoft Visual Studio/2022/Community/MSBuild/Current/Bin/amd64/MSBuild.exe cmTC_a121d.vcxproj /p:Configuration=Debug /p:Platform=x64 /p:VisualStudioVersion=17.0 /v:m && MSBuild version 17.9.5+33de0b227 for .NET Framework

  Microsoft (R) C/C++ Optimizing Compiler Version 19.39.33519 for x64
  Copyright (C) Microsoft Corporation.  All rights reserved.
  cl /c /W1 /WX- /diagnostics:column /O2 /D _MBCS /D "CMAKE_INTDIR=\"Debug\"" /Gm- /MD /GS /fp:precise /Zc:wchar_t /Zc:forScope /Zc:inline /Fo"cmTC_a121d.dir\Debug\\" /Fd"cmTC_a121d.dir\Debug\vc143.pdb" /external:W1 /Gd /TP /errorReport:queue  -mcpu=cortex-m0plus -mthumb -Og "C:\Program Files\Raspberry Pi\Pico SDK v1.5.1\cmake\share\cmake-3.25\Modules\CMakeCXXCompilerABI.cpp"
cl : command line  warning D9035: option 'Og' has been deprecated and will be removed in a future release [C:\Users\Kaso\Documents\PlatformIO\Projects\LabSupply\build\CMakeFiles\CMakeScratch\TryCompile-tx17hz\cmTC_a121d.vcxproj]
cl : command line  warning D9002: ignoring unknown option '-mcpu=cortex-m0plus' [C:\Users\Kaso\Documents\PlatformIO\Projects\LabSupply\build\CMakeFiles\CMakeScratch\TryCompile-tx17hz\cmTC_a121d.vcxproj]
cl : command line  warning D9002: ignoring unknown option '-mthumb' [C:\Users\Kaso\Documents\PlatformIO\Projects\LabSupply\build\CMakeFiles\CMakeScratch\TryCompile-tx17hz\cmTC_a121d.vcxproj]
  CMakeCXXCompilerABI.cpp
  cmTC_a121d.vcxproj -> C:\Users\Kaso\Documents\PlatformIO\Projects\LabSupply\build\CMakeFiles\CMakeScratch\TryCompile-tx17hz\Debug\cmTC_a121d.elf



